2026-02-20T17:52:50Z init ops scaffolding
2026-02-20T17:55:56Z git push newsletter signup + admin
2026-02-20T18:01:03Z resume phase 3 unsubscribe/campaign
2026-02-20T18:03:49Z netlify build failure detected
2026-02-20T18:20:23Z npm run build (no-op)
2026-02-20T18:24:47Z git ls-remote branch check
2026-02-20T18:28:13Z netlify deploy dropchargeadmin
2026-02-20T18:37:14Z landing page ux update
2026-02-20T18:44:36Z phase 3 kickoff unsubscribe+worker
2026-02-20T18:55:27Z diagnose github/netlify access
2026-02-20T19:17:05Z netlify deploy attempted (needs auth)
2026-02-20T19:28:15Z netlify deploy success (new token)
2026-02-20T19:32:11Z landing changes pushed
2026-02-20T19:33:20Z deploy dropchargeadmin -> dropcharge.io
2026-02-20T19:39:17Z root cause: api 500 due to missing newsletter_subscribers table/policy
2026-02-20T19:42:27Z newsletter signup fix implemented
2026-02-20T19:44:13Z deploy dropchargeadmin newsletter fix
2026-02-20T19:50:05Z begin newsletter pipeline overhaul (phase full)
2026-02-20T20:49:06Z docs IMPLEMENTATION.md discovery
2026-02-20T21:30:04Z commit newsletter pipeline
